current directory: /Users/sugar_plum_vicki/bookmark_manager/.bundle/gems/bcrypt-3.1.11/ext/mri
/Users/sugar_plum_vicki/.rvm/rubies/ruby-2.3.3/bin/ruby -r ./siteconf20170124-971-k3qejn.rb extconf.rb 
Ignoring do_postgres-0.10.17 because its extensions are not built.  Try: gem pristine do_postgres --version 0.10.17
Ignoring json-1.8.6 because its extensions are not built.  Try: gem pristine json --version 1.8.6
Ignoring nokogiri-1.7.0.1 because its extensions are not built.  Try: gem pristine nokogiri --version 1.7.0.1
creating Makefile

current directory: /Users/sugar_plum_vicki/bookmark_manager/.bundle/gems/bcrypt-3.1.11/ext/mri
make "DESTDIR=" clean

current directory: /Users/sugar_plum_vicki/bookmark_manager/.bundle/gems/bcrypt-3.1.11/ext/mri
make "DESTDIR="
compiling bcrypt_ext.c
bcrypt_ext.c:17:25: warning: implicit conversion loses integer precision: 'long' to 'int' [-Wshorten-64-to-32]
            NIL_P(input) ? 0 : RSTRING_LEN(input));
                               ^~~~~~~~~~~~~~~~~~
/Users/sugar_plum_vicki/.rvm/rubies/ruby-2.3.3/include/ruby-2.3.0/ruby/ruby.h:998:6: note: expanded from macro 'RSTRING_LEN'
     RSTRING_EMBED_LEN(str) : \
     ^~~~~~~~~~~~~~~~~~~~~~
/Users/sugar_plum_vicki/.rvm/rubies/ruby-2.3.3/include/ruby-2.3.0/ruby/ruby.h:994:6: note: expanded from macro 'RSTRING_EMBED_LEN'
     (long)((RBASIC(str)->flags >> RSTRING_EMBED_LEN_SHIFT) & \
     ^~~~~~~~~~~~~~~~~~~~~~~~~~~~~~~~~~~~~~~~~~~~~~~~~~~~~~~~~~
bcrypt_ext.c:17:25: warning: implicit conversion loses integer precision: 'long' to 'int' [-Wshorten-64-to-32]
            NIL_P(input) ? 0 : RSTRING_LEN(input));
                               ^~~~~~~~~~~~~~~~~~
/Users/sugar_plum_vicki/.rvm/rubies/ruby-2.3.3/include/ruby-2.3.0/ruby/ruby.h:999:28: note: expanded from macro 'RSTRING_LEN'
     RSTRING(str)->as.heap.len)
     ~~~~~~~~~~~~~~~~~~~~~~^~~
2 warnings generated.
compiling crypt.c
crypt.c:15:26: warning: implicit conversion loses integer precision: 'long' to 'int' [-Wshorten-64-to-32]
      NIL_P(input) ? 0 : RSTRING_LEN(input));
                         ^~~~~~~~~~~~~~~~~~
/Users/sugar_plum_vicki/.rvm/rubies/ruby-2.3.3/include/ruby-2.3.0/ruby/ruby.h:998:6: note: expanded from macro 'RSTRING_LEN'
     RSTRING_EMBED_LEN(str) : \
     ^~~~~~~~~~~~~~~~~~~~~~
/Users/sugar_plum_vicki/.rvm/rubies/ruby-2.3.3/include/ruby-2.3.0/ruby/ruby.h:994:6: note: expanded from macro 'RSTRING_EMBED_LEN'
     (long)((RBASIC(str)->flags >> RSTRING_EMBED_LEN_SHIFT) & \
     ^~~~~~~~~~~~~~~~~~~~~~~~~~~~~~~~~~~~~~~~~~~~~~~~~~~~~~~~~~
crypt.c:15:26: warning: implicit conversion loses integer precision: 'long' to 'int' [-Wshorten-64-to-32]
      NIL_P(input) ? 0 : RSTRING_LEN(input));
                         ^~~~~~~~~~~~~~~~~~
/Users/sugar_plum_vicki/.rvm/rubies/ruby-2.3.3/include/ruby-2.3.0/ruby/ruby.h:999:28: note: expanded from macro 'RSTRING_LEN'
     RSTRING(str)->as.heap.len)
     ~~~~~~~~~~~~~~~~~~~~~~^~~
2 warnings generated.
compiling crypt_blowfish.c
compiling crypt_gensalt.c
compiling wrapper.c
linking shared-object bcrypt_ext.bundle

current directory: /Users/sugar_plum_vicki/bookmark_manager/.bundle/gems/bcrypt-3.1.11/ext/mri
make "DESTDIR=" install
/usr/local/opt/coreutils/bin/ginstall -c -m 0755 bcrypt_ext.bundle ./.gem.20170124-971-1ewzhny
